[debug] [2021-02-27T16:37:59.285Z] ----------------------------------------------------------------------
[debug] [2021-02-27T16:37:59.300Z] Command:       C:\Program Files\nodejs\node.exe C:\Users\dsv-z\AppData\Roaming\npm\node_modules\firebase-tools\lib\bin\firebase.js init
[debug] [2021-02-27T16:37:59.301Z] CLI Version:   9.5.0
[debug] [2021-02-27T16:37:59.301Z] Platform:      win32
[debug] [2021-02-27T16:37:59.301Z] Node Version:  v14.15.4
[debug] [2021-02-27T16:37:59.304Z] Time:          Sat Feb 27 2021 11:37:59 GMT-0500 (hora estándar de Colombia)
[debug] [2021-02-27T16:37:59.305Z] ----------------------------------------------------------------------
[debug] [2021-02-27T16:37:59.305Z] 
[debug] [2021-02-27T16:37:59.335Z] > command requires scopes: ["email","openid","https://www.googleapis.com/auth/cloudplatformprojects.readonly","https://www.googleapis.com/auth/firebase","https://www.googleapis.com/auth/cloud-platform"]
[debug] [2021-02-27T16:37:59.337Z] > authorizing via signed-in user
[info] 
     ######## #### ########  ######## ########     ###     ######  ########
     ##        ##  ##     ## ##       ##     ##  ##   ##  ##       ##
     ######    ##  ########  ######   ########  #########  ######  ######
     ##        ##  ##    ##  ##       ##     ## ##     ##       ## ##
     ##       #### ##     ## ######## ########  ##     ##  ######  ########

You're about to initialize a Firebase project in this directory:

  D:\trabajos\angular\proyectos\logDos\src

[info] 
=== Project Setup
[info] 
[info] First, let's associate this project directory with a Firebase project.
[info] You can create multiple project aliases by running firebase use --add, 
[info] but for now we'll just set up a default project.
[info] 
[debug] [2021-02-27T16:48:31.132Z] ----------------------------------------------------------------------
[debug] [2021-02-27T16:48:31.137Z] Command:       C:\Program Files\nodejs\node.exe C:\Users\dsv-z\AppData\Roaming\npm\node_modules\firebase-tools\lib\bin\firebase.js init
[debug] [2021-02-27T16:48:31.139Z] CLI Version:   9.5.0
[debug] [2021-02-27T16:48:31.139Z] Platform:      win32
[debug] [2021-02-27T16:48:31.139Z] Node Version:  v14.15.4
[debug] [2021-02-27T16:48:31.141Z] Time:          Sat Feb 27 2021 11:48:31 GMT-0500 (hora estándar de Colombia)
[debug] [2021-02-27T16:48:31.142Z] ----------------------------------------------------------------------
[debug] [2021-02-27T16:48:31.142Z] 
[debug] [2021-02-27T16:48:31.158Z] > command requires scopes: ["email","openid","https://www.googleapis.com/auth/cloudplatformprojects.readonly","https://www.googleapis.com/auth/firebase","https://www.googleapis.com/auth/cloud-platform"]
[debug] [2021-02-27T16:48:31.159Z] > authorizing via signed-in user
[info] 
     ######## #### ########  ######## ########     ###     ######  ########
     ##        ##  ##     ## ##       ##     ##  ##   ##  ##       ##
     ######    ##  ########  ######   ########  #########  ######  ######
     ##        ##  ##    ##  ##       ##     ## ##     ##       ## ##
     ##       #### ##     ## ######## ########  ##     ##  ######  ########

You're about to initialize a Firebase project in this directory:

  D:\trabajos\angular\proyectos\logDos\src

[info] 
=== Project Setup
[info] 
[info] First, let's associate this project directory with a Firebase project.
[info] You can create multiple project aliases by running firebase use --add, 
[info] but for now we'll just set up a default project.
[info] 
[debug] [2021-02-27T16:50:00.406Z] >>> [apiv2][query] GET https://firebase.googleapis.com/v1beta1/projects pageSize=100
[debug] [2021-02-27T16:50:01.020Z] <<< [apiv2][status] GET https://firebase.googleapis.com/v1beta1/projects 200
[debug] [2021-02-27T16:50:01.020Z] <<< [apiv2][body] GET https://firebase.googleapis.com/v1beta1/projects [omitted]
[info] i  Using project login-demo-156f9 (login-demo) 
[info] 
=== Hosting Setup
[info] 
[info] Your public directory is the folder (relative to your project directory) that
[info] will contain Hosting assets to be uploaded with firebase deploy. If you
[info] have a build process for your assets, use your build's output directory.
[info] 
